0 info it worked if it ends with ok
1 verbose cli [ 'nodejs', '/usr/bin/npm', 'install', 'child_process' ]
2 info using npm@1.2.11
3 info using node@v0.8.20
4 verbose read json /home/dawson/package.json
5 verbose read json /home/dawson/node_modules/socket.io-sessions/package.json
6 verbose read json /home/dawson/node_modules/socket.io/package.json
7 verbose read json /home/dawson/node_modules/mysql-pool/package.json
8 verbose read json /home/dawson/node_modules/mysql/package.json
9 verbose read json /home/dawson/node_modules/csv/package.json
10 verbose read json /home/dawson/node_modules/express/package.json
11 verbose read json /home/dawson/node_modules/cookie/package.json
12 verbose read json /home/dawson/node_modules/connect/package.json
13 verbose read json /home/dawson/node_modules/ejs/package.json
14 verbose read json /home/dawson/node_modules/blueimp-file-upload-node/package.json
15 verbose read json /home/dawson/node_modules/socket.io-session/package.json
16 verbose read json /home/dawson/package.json
17 verbose cache add [ 'child_process', null ]
18 verbose cache add name=undefined spec="child_process" args=["child_process",null]
19 verbose parsed url { pathname: 'child_process',
19 verbose parsed url   path: 'child_process',
19 verbose parsed url   href: 'child_process' }
20 silly lockFile 4845fa97-child-process child_process
21 verbose lock child_process /home/dawson/.npm/4845fa97-child-process.lock
22 silly lockFile 4845fa97-child-process child_process
23 silly lockFile 4845fa97-child-process child_process
24 verbose addNamed [ 'child_process', '' ]
25 verbose addNamed [ null, '' ]
26 silly lockFile 512a7ef6-child-process child_process@
27 verbose lock child_process@ /home/dawson/.npm/512a7ef6-child-process.lock
28 silly addNameRange { name: 'child_process', range: '', hasData: false }
29 verbose url raw child_process
30 verbose url resolving [ 'https://registry.npmjs.org/', './child_process' ]
31 verbose url resolved https://registry.npmjs.org/child_process
32 info trying registry request attempt 1 at 14:12:55
33 http GET https://registry.npmjs.org/child_process
34 http 404 https://registry.npmjs.org/child_process
35 silly registry.get cb [ 404,
35 silly registry.get   { server: 'CouchDB/1.2.1 (Erlang OTP/R15B03)',
35 silly registry.get     date: 'Sat, 23 Feb 2013 18:12:55 GMT',
35 silly registry.get     'content-type': 'application/json',
35 silly registry.get     'content-length': '52',
35 silly registry.get     'cache-control': 'must-revalidate' } ]
36 silly lockFile 512a7ef6-child-process child_process@
37 silly lockFile 512a7ef6-child-process child_process@
38 error 404 'child_process' is not in the npm registry.
38 error 404 You should bug the author to publish it
38 error 404
38 error 404 Note that you can also install from a
38 error 404 tarball, folder, or http url, or git url.
39 error System Linux 3.2.0-37-generic
40 error command "nodejs" "/usr/bin/npm" "install" "child_process"
41 error cwd /home/dawson/Projects/noctave
42 error node -v v0.8.20
43 error npm -v 1.2.11
44 error code E404
45 verbose exit [ 1, true ]
